[2019-09-01 15:54:07,033] INFO Starting the log cleaner (kafka.log.LogCleaner)
[2019-09-01 15:54:07,141] INFO [kafka-log-cleaner-thread-0]: Starting (kafka.log.LogCleaner)
[2019-09-01 15:54:07,185] INFO Cleaner 0: Beginning cleaning of log __consumer_offsets-42. (kafka.log.LogCleaner)
[2019-09-01 15:54:07,186] INFO Cleaner 0: Building offset map for __consumer_offsets-42... (kafka.log.LogCleaner)
[2019-09-01 15:54:07,206] INFO Cleaner 0: Building offset map for log __consumer_offsets-42 for 1 segments in offset range [0, 7271). (kafka.log.LogCleaner)
[2019-09-01 15:54:07,390] INFO Cleaner 0: Offset map for log __consumer_offsets-42 complete. (kafka.log.LogCleaner)
[2019-09-01 15:54:07,399] INFO Cleaner 0: Cleaning log __consumer_offsets-42 (cleaning prior to Thu May 30 11:25:22 KST 2019, discarding tombstones prior to Thu Jan 01 09:00:00 KST 1970)... (kafka.log.LogCleaner)
[2019-09-01 15:54:07,441] INFO Cleaner 0: Cleaning segment 0 in log __consumer_offsets-42 (largest timestamp Thu May 30 11:25:22 KST 2019) into 0, retaining deletes. (kafka.log.LogCleaner)
[2019-09-01 15:54:07,587] INFO Cleaner 0: Swapping in cleaned segment LogSegment(baseOffset=0, size=453) for segment(s) List(LogSegment(baseOffset=0, size=947043)) in log Log(C:\tmp\kafka-logs\__consumer_offsets-42) (kafka.log.LogCleaner)
[2019-09-01 15:54:07,699] INFO Cleaner 0: Beginning cleaning of log __consumer_offsets-42. (kafka.log.LogCleaner)
[2019-09-01 15:54:07,699] INFO Cleaner 0: Building offset map for __consumer_offsets-42... (kafka.log.LogCleaner)
[2019-09-01 15:54:07,720] INFO Cleaner 0: Building offset map for log __consumer_offsets-42 for 1 segments in offset range [0, 7271). (kafka.log.LogCleaner)
[2019-09-01 15:54:07,747] INFO Cleaner 0: Offset map for log __consumer_offsets-42 complete. (kafka.log.LogCleaner)
[2019-09-01 15:54:07,748] INFO Cleaner 0: Cleaning log __consumer_offsets-42 (cleaning prior to Thu May 30 11:25:22 KST 2019, discarding tombstones prior to Thu Jan 01 09:00:00 KST 1970)... (kafka.log.LogCleaner)
[2019-09-01 15:54:07,773] INFO Cleaner 0: Beginning cleaning of log __consumer_offsets-42. (kafka.log.LogCleaner)
[2019-09-01 15:54:07,773] INFO Cleaner 0: Building offset map for __consumer_offsets-42... (kafka.log.LogCleaner)
[2019-09-01 15:54:07,789] INFO Cleaner 0: Building offset map for log __consumer_offsets-42 for 1 segments in offset range [0, 7271). (kafka.log.LogCleaner)
[2019-09-01 15:54:07,808] INFO Cleaner 0: Offset map for log __consumer_offsets-42 complete. (kafka.log.LogCleaner)
[2019-09-01 15:54:07,808] INFO Cleaner 0: Cleaning log __consumer_offsets-42 (cleaning prior to Thu May 30 11:25:22 KST 2019, discarding tombstones prior to Thu Jan 01 09:00:00 KST 1970)... (kafka.log.LogCleaner)
[2019-09-01 15:55:29,240] INFO Starting the log cleaner (kafka.log.LogCleaner)
[2019-09-01 15:55:29,419] INFO [kafka-log-cleaner-thread-0]: Starting (kafka.log.LogCleaner)
[2019-09-01 15:55:29,523] INFO Cleaner 0: Beginning cleaning of log __consumer_offsets-42. (kafka.log.LogCleaner)
[2019-09-01 15:55:29,523] INFO Cleaner 0: Building offset map for __consumer_offsets-42... (kafka.log.LogCleaner)
[2019-09-01 15:55:29,565] INFO Cleaner 0: Building offset map for log __consumer_offsets-42 for 1 segments in offset range [0, 7271). (kafka.log.LogCleaner)
[2019-09-01 15:55:29,755] INFO Cleaner 0: Offset map for log __consumer_offsets-42 complete. (kafka.log.LogCleaner)
[2019-09-01 15:55:29,788] INFO Cleaner 0: Cleaning log __consumer_offsets-42 (cleaning prior to Thu May 30 11:25:22 KST 2019, discarding tombstones prior to Thu Jan 01 09:00:00 KST 1970)... (kafka.log.LogCleaner)
[2019-09-01 15:55:29,897] INFO Cleaner 0: Cleaning segment 0 in log __consumer_offsets-42 (largest timestamp Thu May 30 11:25:22 KST 2019) into 0, retaining deletes. (kafka.log.LogCleaner)
[2019-09-01 15:55:30,216] INFO Cleaner 0: Swapping in cleaned segment LogSegment(baseOffset=0, size=453) for segment(s) List(LogSegment(baseOffset=0, size=947043)) in log Log(C:\tmp\kafka-logs\__consumer_offsets-42) (kafka.log.LogCleaner)
[2019-09-01 15:55:30,303] INFO Cleaner 0: Beginning cleaning of log __consumer_offsets-42. (kafka.log.LogCleaner)
[2019-09-01 15:55:30,303] INFO Cleaner 0: Building offset map for __consumer_offsets-42... (kafka.log.LogCleaner)
[2019-09-01 15:55:30,431] INFO Cleaner 0: Building offset map for log __consumer_offsets-42 for 1 segments in offset range [0, 7271). (kafka.log.LogCleaner)
[2019-09-01 15:55:30,473] INFO Cleaner 0: Offset map for log __consumer_offsets-42 complete. (kafka.log.LogCleaner)
[2019-09-01 15:55:30,474] INFO Cleaner 0: Cleaning log __consumer_offsets-42 (cleaning prior to Thu May 30 11:25:22 KST 2019, discarding tombstones prior to Thu Jan 01 09:00:00 KST 1970)... (kafka.log.LogCleaner)
[2019-09-01 15:56:56,471] INFO Starting the log cleaner (kafka.log.LogCleaner)
[2019-09-01 15:56:56,546] INFO [kafka-log-cleaner-thread-0]: Starting (kafka.log.LogCleaner)
[2019-09-01 15:57:21,103] INFO Shutting down the log cleaner. (kafka.log.LogCleaner)
[2019-09-01 15:57:21,105] INFO [kafka-log-cleaner-thread-0]: Shutting down (kafka.log.LogCleaner)
[2019-09-01 15:57:21,106] INFO [kafka-log-cleaner-thread-0]: Stopped (kafka.log.LogCleaner)
[2019-09-01 15:57:21,106] INFO [kafka-log-cleaner-thread-0]: Shutdown completed (kafka.log.LogCleaner)
[2019-09-02 15:16:20,298] INFO Starting the log cleaner (kafka.log.LogCleaner)
[2019-09-02 15:16:20,394] INFO [kafka-log-cleaner-thread-0]: Starting (kafka.log.LogCleaner)
[2019-09-03 18:15:28,452] INFO Starting the log cleaner (kafka.log.LogCleaner)
[2019-09-03 18:15:28,545] INFO [kafka-log-cleaner-thread-0]: Starting (kafka.log.LogCleaner)
[2019-09-04 13:26:27,757] INFO Starting the log cleaner (kafka.log.LogCleaner)
[2019-09-04 13:26:27,848] INFO [kafka-log-cleaner-thread-0]: Starting (kafka.log.LogCleaner)
[2019-09-04 13:28:14,318] INFO Starting the log cleaner (kafka.log.LogCleaner)
[2019-09-04 13:28:14,420] INFO [kafka-log-cleaner-thread-0]: Starting (kafka.log.LogCleaner)
[2019-09-04 13:28:15,502] INFO Shutting down the log cleaner. (kafka.log.LogCleaner)
[2019-09-04 13:28:15,503] INFO [kafka-log-cleaner-thread-0]: Shutting down (kafka.log.LogCleaner)
[2019-09-04 13:28:15,503] INFO [kafka-log-cleaner-thread-0]: Stopped (kafka.log.LogCleaner)
[2019-09-04 13:28:15,503] INFO [kafka-log-cleaner-thread-0]: Shutdown completed (kafka.log.LogCleaner)
[2019-09-04 13:30:14,200] INFO Starting the log cleaner (kafka.log.LogCleaner)
[2019-09-04 13:30:14,289] INFO [kafka-log-cleaner-thread-0]: Starting (kafka.log.LogCleaner)
[2019-09-04 15:44:54,141] INFO Starting the log cleaner (kafka.log.LogCleaner)
[2019-09-04 15:44:54,227] INFO [kafka-log-cleaner-thread-0]: Starting (kafka.log.LogCleaner)
[2019-09-06 11:26:14,463] INFO Starting the log cleaner (kafka.log.LogCleaner)
[2019-09-06 11:26:14,623] INFO [kafka-log-cleaner-thread-0]: Starting (kafka.log.LogCleaner)
